<?xml version="1.0" encoding="UTF-8"?>
<!-- Generated by org.testng.reporters.JUnitXMLReporter -->
<testsuite ignored="0" hostname="SRINIVAS-G2005" failures="0" tests="3" name="Default test" time="36.182" errors="0" timestamp="2025-07-13T21:46:45 IST">
  <testcase classname="practiceExpandTesting.LoginForm" name="loginFormValidCredens" time="2.934"/>
  <testcase classname="practiceExpandTesting.LoginForm" name="loginFormInValidCredens" time="11.388"/>
  <testcase classname="practiceExpandTesting.LoginForm" name="loginFormInValidCredens2" time="3.98"/>
</testsuite> <!-- Default test -->
