<?xml version="1.0" encoding="UTF-8"?>
<testng-results ignored="0" total="1" passed="1" failed="0" skipped="0">
  <reporter-output>
  </reporter-output>
  <suite started-at="2025-03-25T06:07:14 IST" name="Default suite" finished-at="2025-03-25T06:07:28 IST" duration-ms="13396">
    <groups>
    </groups>
    <test started-at="2025-03-25T06:07:14 IST" name="Default test" finished-at="2025-03-25T06:07:28 IST" duration-ms="13396">
      <class name="ultimateQA.SignIn_Form">
        <test-method is-config="true" signature="setUp()[pri:0, instance:ultimateQA.SignIn_Form@3754a4bf]" started-at="2025-03-25T06:07:14 IST" name="setUp" finished-at="2025-03-25T06:07:20 IST" duration-ms="5533" status="PASS">
          <reporter-output>
          </reporter-output>
        </test-method> <!-- setUp -->
        <test-method signature="signIn()[pri:0, instance:ultimateQA.SignIn_Form@3754a4bf]" started-at="2025-03-25T06:07:20 IST" name="signIn" finished-at="2025-03-25T06:07:27 IST" duration-ms="7635" status="PASS">
          <reporter-output>
          </reporter-output>
        </test-method> <!-- signIn -->
        <test-method is-config="true" signature="tearDown()[pri:0, instance:ultimateQA.SignIn_Form@3754a4bf]" started-at="2025-03-25T06:07:27 IST" name="tearDown" finished-at="2025-03-25T06:07:28 IST" duration-ms="197" status="PASS">
          <reporter-output>
          </reporter-output>
        </test-method> <!-- tearDown -->
      </class> <!-- ultimateQA.SignIn_Form -->
    </test> <!-- Default test -->
  </suite> <!-- Default suite -->
</testng-results>
