<?xml version="1.0" encoding="UTF-8"?>
<testng-results ignored="0" total="1" passed="1" failed="0" skipped="0">
  <reporter-output>
  </reporter-output>
  <suite started-at="2025-07-14T10:09:35 IST" name="Default suite" finished-at="2025-07-14T10:09:46 IST" duration-ms="10884">
    <groups>
    </groups>
    <test started-at="2025-07-14T10:09:35 IST" name="Default test" finished-at="2025-07-14T10:09:46 IST" duration-ms="10884">
      <class name="practiceExpandTesting.RegisterForm">
        <test-method is-config="true" signature="setUp()[pri:0, instance:practiceExpandTesting.RegisterForm@175c2241]" started-at="2025-07-14T10:09:35 IST" name="setUp" finished-at="2025-07-14T10:09:39 IST" duration-ms="3857" status="PASS">
          <reporter-output>
          </reporter-output>
        </test-method> <!-- setUp -->
        <test-method signature="registerForm()[pri:0, instance:practiceExpandTesting.RegisterForm@175c2241]" started-at="2025-07-14T10:09:39 IST" name="registerForm" finished-at="2025-07-14T10:09:45 IST" duration-ms="6456" status="PASS">
          <reporter-output>
          </reporter-output>
        </test-method> <!-- registerForm -->
        <test-method is-config="true" signature="tearDown()[pri:0, instance:practiceExpandTesting.RegisterForm@175c2241]" started-at="2025-07-14T10:09:45 IST" name="tearDown" finished-at="2025-07-14T10:09:46 IST" duration-ms="493" status="PASS">
          <reporter-output>
          </reporter-output>
        </test-method> <!-- tearDown -->
      </class> <!-- practiceExpandTesting.RegisterForm -->
    </test> <!-- Default test -->
  </suite> <!-- Default suite -->
</testng-results>
